<?xml version="1.0" encoding="UTF-8"?>
<testng-results ignored="0" total="1" passed="1" failed="0" skipped="0">
  <reporter-output>
  </reporter-output>
  <suite started-at="2024-09-11T08:14:23 IST" name="Suite" finished-at="2024-09-11T08:14:23 IST" duration-ms="145">
    <groups>
    </groups>
    <test started-at="2024-09-11T08:14:23 IST" name="Test" finished-at="2024-09-11T08:14:23 IST" duration-ms="145">
      <class name="jenkins.FinalJenkins_Execution">
        <test-method signature="executeCode()[pri:0, instance:jenkins.FinalJenkins_Execution@419c5f1a]" started-at="2024-09-11T08:14:23 IST" name="executeCode" finished-at="2024-09-11T08:14:23 IST" duration-ms="9" status="PASS">
          <reporter-output>
          </reporter-output>
        </test-method> <!-- executeCode -->
      </class> <!-- jenkins.FinalJenkins_Execution -->
    </test> <!-- Test -->
  </suite> <!-- Suite -->
</testng-results>
