<?xml version="1.0" encoding="UTF-8"?>
<testng-results ignored="0" total="1" passed="1" failed="0" skipped="0">
  <reporter-output>
  </reporter-output>
  <suite started-at="2024-09-09T08:29:41 IST" name="Default suite" finished-at="2024-09-09T08:29:41 IST" duration-ms="149">
    <groups>
    </groups>
    <test started-at="2024-09-09T08:29:41 IST" name="Default test" finished-at="2024-09-09T08:29:41 IST" duration-ms="149">
      <class name="jenkins.FinalJenkins_Execution">
        <test-method signature="executeCode()[pri:0, instance:jenkins.FinalJenkins_Execution@6580cfdd]" started-at="2024-09-09T08:29:41 IST" name="executeCode" finished-at="2024-09-09T08:29:41 IST" duration-ms="35" status="PASS">
          <reporter-output>
          </reporter-output>
        </test-method> <!-- executeCode -->
      </class> <!-- jenkins.FinalJenkins_Execution -->
    </test> <!-- Default test -->
  </suite> <!-- Default suite -->
</testng-results>
